<?xml version="1.0" encoding="UTF-8"?>
<testsuite name="GroupDeletionTest" tests="1" skipped="0" failures="0" errors="0" timestamp="2020-02-26T08:51:50" hostname="ws-1156-che" time="1.263">
  <properties/>
  <testcase name="testGroupDeletion" classname="GroupDeletionTest" time="1.263"/>
  <system-out><![CDATA[]]></system-out>
  <system-err><![CDATA[Starting ChromeDriver 2.42.591088 (7b2b2dca23cca0862f674758c9a3933e685c27d5) on port 22317
Only local connections are allowed.
[1582707108.431][WARNING]: Timed out connecting to Chrome, retrying...
фев 26, 2020 11:51:50 AM org.openqa.selenium.remote.ProtocolHandshake createSession
INFO: Detected dialect: OSS
]]></system-err>
</testsuite>
