<?xml version="1.0" encoding="UTF-8"?>
<testsuite name="ContactDeletionTest" tests="1" skipped="0" failures="0" errors="0" timestamp="2020-02-26T22:14:49" hostname="Arrnelka" time="0.633">
  <properties/>
  <testcase name="testContactDeletion" classname="ContactDeletionTest" time="0.633"/>
  <system-out><![CDATA[]]></system-out>
  <system-err><![CDATA[Starting ChromeDriver 78.0.3904.70 (edb9c9f3de0247fd912a77b7f6cae7447f6d3ad5-refs/branch-heads/3904@{#800}) on port 27474
Only local connections are allowed.
Please protect ports used by ChromeDriver and related test frameworks to prevent access by malicious code.
[1582755285.023][WARNING]: This version of ChromeDriver has not been tested with Chrome version 79.
[1582755287.025][WARNING]: Timed out connecting to Chrome, retrying...
фев 27, 2020 1:14:49 AM org.openqa.selenium.remote.ProtocolHandshake createSession
INFO: Detected dialect: W3C
]]></system-err>
</testsuite>
